\BOOKMARK [0][-]{chapter.1}{\376\377\0001\000\040\000I\000n\000t\000r\000o\000d\000u\000c\000c\000i\000o\000n}{}% 1
\BOOKMARK [1][-]{section.1.1}{\376\377\0001\000.\0001\000\040\000I\000n\000t\000r\000o\000d\000u\000c\000c\000i\000\363\000n}{chapter.1}% 2
\BOOKMARK [0][-]{chapter.2}{\376\377\0002\000\040\000D\000e\000s\000c\000r\000i\000p\000c\000i\000o\000n\000D\000i\000s\000p\000o\000s\000i\000t\000i\000v\000o}{}% 3
\BOOKMARK [1][-]{section.2.1}{\376\377\0002\000.\0001\000\040\000D\000e\000s\000c\000r\000i\000p\000c\000i\000o\000n\000D\000i\000s\000p\000o\000s\000i\000t\000i\000v\000o}{chapter.2}% 4
\BOOKMARK [1][-]{section.2.2}{\376\377\0002\000.\0002\000\040\000D\000e\000s\000c\000r\000i\000p\000c\000i\000o\000n\000D\000i\000s\000p\000o\000s\000i\000t\000i\000v\000o\000\040\000p\000a\000r\000t\000e\000\040\0002}{chapter.2}% 5
\BOOKMARK [0][-]{chapter.3}{\376\377\0003\000\040\000C\000a\000r\000a\000c\000t\000e\000r\000i\000z\000a\000c\000i\000\363\000n\000E\000l\000e\000c\000t\000r\000o\000i\000m\000\341\000n}{}% 6
\BOOKMARK [1][-]{section.3.1}{\376\377\0003\000.\0001\000\040\000C\000a\000r\000a\000c\000t\000e\000r\000i\000z\000a\000c\000i\000\363\000n\000\040\000d\000e\000l\000\040\000E\000l\000e\000c\000t\000r\000o\000i\000m\000\341\000n}{chapter.3}% 7
\BOOKMARK [0][-]{chapter.4}{\376\377\0004\000\040\000C\000o\000n\000t\000r\000o\000l\000a\000d\000o\000r\000\040\000d\000e\000\040\000c\000o\000r\000r\000i\000e\000n\000t\000e}{}% 8
\BOOKMARK [1][-]{section.4.1}{\376\377\0004\000.\0001\000\040\000D\000i\000s\000e\000\361\000o\000\040\000y\000\040\000m\000o\000d\000e\000l\000a\000d\000o}{chapter.4}% 9
\BOOKMARK [2][-]{subsection.4.1.1}{\376\377\0004\000.\0001\000.\0001\000\040\000C\000a\000r\000a\000c\000t\000e\000r\000\355\000s\000t\000i\000c\000a\000s\000\040\000d\000e\000l\000\040\000s\000i\000s\000t\000e\000m\000a}{section.4.1}% 10
\BOOKMARK [2][-]{subsection.4.1.2}{\376\377\0004\000.\0001\000.\0002\000\040\000C\000i\000r\000c\000u\000i\000t\000o\000\040\000d\000e\000l\000\040\000c\000o\000n\000t\000r\000o\000l\000a\000d\000o\000r\000\040\000d\000e\000\040\000c\000o\000r\000r\000i\000e\000n\000t\000e}{section.4.1}% 11
\BOOKMARK [3][-]{subsubsection.4.1.2.1}{\376\377\0004\000.\0001\000.\0002\000.\0001\000\040\000S\000i\000m\000u\000l\000a\000c\000i\000o\000n\000e\000s\000\040\000d\000e\000\040\000f\000o\000r\000m\000a\000s\000\040\000d\000e\000\040\000o\000n\000d\000a}{subsection.4.1.2}% 12
\BOOKMARK [3][-]{subsubsection.4.1.2.2}{\376\377\0004\000.\0001\000.\0002\000.\0002\000\040\000S\000i\000m\000u\000l\000a\000c\000i\000\363\000n\000\040\000d\000e\000\040\000u\000n\000\040\000e\000s\000c\000a\000l\000\363\000n\000\040\000e\000n\000\040\000l\000a\000\040\000r\000e\000f\000e\000r\000e\000n\000c\000i\000a\000\040\000d\000e\000\040\000c\000o\000r\000r\000i\000e\000n\000t\000e}{subsection.4.1.2}% 13
\BOOKMARK [3][-]{subsubsection.4.1.2.3}{\376\377\0004\000.\0001\000.\0002\000.\0003\000\040\000I\000m\000p\000l\000e\000m\000e\000n\000t\000a\000c\000i\000\363\000n\000\040\000c\000i\000r\000c\000u\000i\000t\000a\000l\000\040\000d\000e\000l\000\040\000p\000u\000e\000n\000t\000e\000\040\000H}{subsection.4.1.2}% 14
\BOOKMARK [3][-]{subsubsection.4.1.2.4}{\376\377\0004\000.\0001\000.\0002\000.\0004\000\040\000D\000e\000s\000c\000r\000i\000p\000c\000i\000\363\000n\000\040\000g\000e\000n\000e\000r\000a\000l\000\040\000d\000e\000\040\000l\000a\000\040\000t\000o\000p\000o\000l\000o\000g\000\355\000a}{subsection.4.1.2}% 15
\BOOKMARK [3][-]{subsubsection.4.1.2.5}{\376\377\0004\000.\0001\000.\0002\000.\0005\000\040\000D\000i\000m\000e\000n\000s\000i\000o\000n\000a\000m\000i\000e\000n\000t\000o\000\040\000d\000e\000\040\000c\000a\000p\000a\000c\000i\000t\000o\000r\000\040\000d\000e\000\040\000b\000o\000o\000t\000s\000t\000r\000a\000p}{subsection.4.1.2}% 16
\BOOKMARK [4][-]{subsubsubsection.4.1.2.5.1}{\376\377\0004\000.\0001\000.\0002\000.\0005\000.\0001\000\040\000R\000e\000s\000i\000s\000t\000e\000n\000c\000i\000a\000\040\000e\000n\000t\000r\000e\000\040\000g\000a\000t\000e\000\040\000y\000\040\000s\000o\000u\000r\000c\000e}{subsubsection.4.1.2.5}% 17
\BOOKMARK [4][-]{subsubsubsection.4.1.2.5.2}{\376\377\0004\000.\0001\000.\0002\000.\0005\000.\0002\000\040\000P\000r\000o\000t\000e\000c\000c\000i\000\363\000n\000\040\000d\000e\000l\000\040\000g\000a\000t\000e}{subsubsection.4.1.2.5}% 18
\BOOKMARK [4][-]{subsubsubsection.4.1.2.5.3}{\376\377\0004\000.\0001\000.\0002\000.\0005\000.\0003\000\040\000T\000i\000e\000m\000p\000o\000\040\000m\000u\000e\000r\000t\000o}{subsubsection.4.1.2.5}% 19
\BOOKMARK [3][-]{subsubsection.4.1.2.6}{\376\377\0004\000.\0001\000.\0002\000.\0006\000\040\000D\000i\000m\000e\000n\000s\000i\000o\000n\000a\000m\000i\000e\000n\000t\000o\000\040\000d\000e\000\040\000l\000o\000s\000\040\000c\000a\000p\000a\000c\000i\000t\000o\000r\000e\000s\000\040\000d\000e\000\040\000f\000u\000e\000n\000t\000e}{subsection.4.1.2}% 20
\BOOKMARK [3][-]{subsubsection.4.1.2.7}{\376\377\0004\000.\0001\000.\0002\000.\0007\000\040\000C\000o\000n\000m\000u\000t\000a\000c\000i\000\363\000n\000\040\000d\000e\000\040\000a\000l\000t\000a\000\040\000f\000r\000e\000c\000u\000e\000n\000c\000i\000a\000\040\000p\000a\000r\000a\000\040\000e\000l\000\040\000b\000o\000o\000t\000s\000t\000r\000a\000p}{subsection.4.1.2}% 21
\BOOKMARK [3][-]{subsubsection.4.1.2.8}{\376\377\0004\000.\0001\000.\0002\000.\0008\000\040\000S\000i\000m\000u\000l\000a\000c\000i\000\363\000n\000\040\000d\000e\000l\000\040\000s\000i\000s\000t\000e\000m\000a\000\040\000c\000o\000n\000\040\000o\000s\000c\000i\000l\000a\000d\000o\000r\000\040\000a\000u\000x\000i\000l\000i\000a\000r}{subsection.4.1.2}% 22
\BOOKMARK [2][-]{subsection.4.1.3}{\376\377\0004\000.\0001\000.\0003\000\040\000C\000a\000r\000a\000c\000t\000e\000r\000\355\000s\000t\000i\000c\000a\000s\000\040\000e\000s\000t\000\341\000t\000i\000c\000a\000s\000\040\000y\000\040\000d\000i\000n\000\341\000m\000i\000c\000a\000s\000\040\000d\000e\000l\000\040\000c\000o\000n\000t\000r\000o\000l\000a\000d\000o\000r}{section.4.1}% 23
\BOOKMARK [3][-]{subsubsection.4.1.3.1}{\376\377\0004\000.\0001\000.\0003\000.\0001\000\040\000C\000o\000r\000r\000i\000e\000n\000t\000e\000\040\000m\000e\000d\000i\000a\000\040\000d\000e\000l\000\040\000e\000l\000e\000c\000t\000r\000o\000i\000m\000\341\000n}{subsection.4.1.3}% 24
\BOOKMARK [3][-]{subsubsection.4.1.3.2}{\376\377\0004\000.\0001\000.\0003\000.\0002\000\040\000F\000r\000e\000c\000u\000e\000n\000c\000i\000a\000\040\000d\000e\000\040\000c\000o\000n\000m\000u\000t\000a\000c\000i\000\363\000n\000\040\000d\000e\000\040\000l\000a\000\040\000c\000o\000r\000r\000i\000e\000n\000t\000e}{subsection.4.1.3}% 25
\BOOKMARK [3][-]{subsubsection.4.1.3.3}{\376\377\0004\000.\0001\000.\0003\000.\0003\000\040\000A\000n\000c\000h\000o\000\040\000d\000e\000\040\000b\000a\000n\000d\000a\000\040\000d\000e\000l\000\040\000c\000o\000n\000t\000r\000o\000l\000a\000d\000o\000r}{subsection.4.1.3}% 26
\BOOKMARK [2][-]{subsection.4.1.4}{\376\377\0004\000.\0001\000.\0004\000\040\000T\000r\000a\000n\000s\000f\000e\000r\000e\000n\000c\000i\000a\000\040\000l\000i\000n\000e\000a\000l\000\040\000d\000e\000l\000\040\000c\000o\000n\000t\000r\000o\000l\000a\000d\000o\000r\000\040\000d\000e\000\040\000c\000o\000r\000r\000i\000e\000n\000t\000e}{section.4.1}% 27
\BOOKMARK [0][-]{chapter.5}{\376\377\0005\000\040\000E\000s\000t\000i\000m\000a\000d\000o\000r\000A\000n\000a\000l\000o\000g\000i\000c\000o}{}% 28
\BOOKMARK [1][-]{section.5.1}{\376\377\0005\000.\0001\000\040\000D\000i\000s\000e\000\361\000o\000\040\000y\000\040\000m\000o\000d\000e\000l\000a\000d\000o\000\040\000d\000e\000l\000\040\000E\000s\000t\000i\000m\000a\000d\000o\000r\000\040\000A\000n\000a\000l\000o\000g\000i\000c\000o}{chapter.5}% 29
\BOOKMARK [2][-]{paragraph.5.1.0.0.1}{\376\377\0005\000.\0001\000.\0000\000.\0000\000.\0000\000.\0001\000\040\0004\000.\0002\000.\0001\000.\000\040\000A\000n\000\341\000l\000i\000s\000i\000s\000\040\000d\000e\000\040\000l\000a\000\040\000e\000s\000t\000i\000m\000a\000c\000i\000\363\000n}{section.5.1}% 30
\BOOKMARK [3][-]{paragraph.5.1.0.0.2}{\376\377\0005\000.\0001\000.\0000\000.\0000\000.\0000\000.\0002\000\040\0004\000.\0002\000.\0002\000.\000\040\000M\000o\000d\000e\000l\000o\000\040\000c\000i\000r\000c\000u\000i\000t\000a\000l\000\040\000d\000e\000l\000\040\000e\000s\000t\000i\000m\000a\000d\000o\000r\000\040\000d\000e\000\040\000p\000o\000s\000i\000c\000i\000\363\000n}{paragraph.5.1.0.0.1}% 31
\BOOKMARK [2][-]{subsection.5.1.1}{\376\377\0005\000.\0001\000.\0001\000\040\000A\000n\000\341\000l\000i\000s\000i\000s\000\040\000d\000e\000\040\000l\000a\000\040\000e\000s\000t\000i\000m\000a\000c\000i\000\363\000n}{section.5.1}% 32
\BOOKMARK [0][-]{chapter.6}{\376\377\0006\000\040\000C\000o\000m\000p\000e\000n\000s\000a\000d\000o\000r\000A\000n\000a\000l\000o\000g\000i\000c\000o}{}% 33
\BOOKMARK [1][-]{section.6.1}{\376\377\0006\000.\0001\000\040\000C\000o\000m\000p\000e\000n\000s\000a\000d\000o\000r\000\040\000A\000n\000a\000l\000o\000g\000i\000c\000o}{chapter.6}% 34
\BOOKMARK [0][-]{chapter.7}{\376\377\0007\000\040\000I\000m\000p\000l\000e\000m\000e\000n\000t\000a\000c\000i\000o\000n\000D\000i\000g\000i\000t\000a\000l}{}% 35
\BOOKMARK [1][-]{section.7.1}{\376\377\0007\000.\0001\000\040\000I\000m\000p\000l\000e\000m\000e\000n\000t\000a\000c\000i\000o\000n\000\040\000D\000i\000g\000i\000t\000a\000l}{chapter.7}% 36
\BOOKMARK [0][-]{chapter.8}{\376\377\0008\000\040\000P\000C\000B}{}% 37
\BOOKMARK [1][-]{section.8.1}{\376\377\0008\000.\0001\000\040\000P\000C\000B}{chapter.8}% 38
