\BOOKMARK [0][-]{chapter.1}{1 Introducci\363n}{}% 1
\BOOKMARK [0][-]{chapter.2}{2 Estructura y funcionamiento del sistema completo}{}% 2
\BOOKMARK [1][-]{section.2.1}{2.1 Introducci\363n}{chapter.2}% 3
\BOOKMARK [1][-]{section.2.2}{2.2 Funcionamiento}{chapter.2}% 4
\BOOKMARK [2][-]{subsection.2.2.1}{2.2.1 Ingreso}{section.2.2}% 5
\BOOKMARK [2][-]{subsection.2.2.2}{2.2.2 Egreso}{section.2.2}% 6
\BOOKMARK [1][-]{section.2.3}{2.3 Relevamiento de estacionamientos}{chapter.2}% 7
\BOOKMARK [2][-]{subsection.2.3.1}{2.3.1 Equipamiento disponible}{section.2.3}% 8
\BOOKMARK [2][-]{subsection.2.3.2}{2.3.2 Mecanismo de detecci\363n de los veh\355culos}{section.2.3}% 9
\BOOKMARK [2][-]{subsection.2.3.3}{2.3.3 Techo y piso}{section.2.3}% 10
\BOOKMARK [2][-]{subsection.2.3.4}{2.3.4 Caracter\355stica de las v\355as de entrada-salida}{section.2.3}% 11
\BOOKMARK [2][-]{subsection.2.3.5}{2.3.5 Disposici\363n del espacio en la zona de ingreso-egreso}{section.2.3}% 12
\BOOKMARK [1][-]{section.2.4}{2.4 Descripci\363n del estacionamiento para ajustes y pruebas }{chapter.2}% 13
\BOOKMARK [0][-]{chapter.3}{3 Primer n\372cleo: Reconocimiento Autom\341tico de Patentes \(ALPR\)}{}% 14
\BOOKMARK [1][-]{section.3.1}{3.1 Introducci\363n}{chapter.3}% 15
\BOOKMARK [1][-]{section.3.2}{3.2 Sistemas de Reconocimiento Autom\341tico de Patentes ALPR}{chapter.3}% 16
\BOOKMARK [2][-]{subsection.3.2.1}{3.2.1 Estado del arte}{section.3.2}% 17
\BOOKMARK [2][-]{subsection.3.2.2}{3.2.2 Etapas generales de los sistemas ALPR}{section.3.2}% 18
\BOOKMARK [1][-]{section.3.3}{3.3 Descripci\363n de las patentes y los conjuntos de datos}{chapter.3}% 19
\BOOKMARK [2][-]{subsection.3.3.1}{3.3.1 Patentes Argentinas}{section.3.3}% 20
\BOOKMARK [2][-]{subsection.3.3.2}{3.3.2 Conjuntos de datos}{section.3.3}% 21
\BOOKMARK [3][-]{subsubsection.3.3.2.1}{3.3.2.1 Set de 20 im\341genes de patentes del MERCOSUR}{subsection.3.3.2}% 22
\BOOKMARK [3][-]{subsubsection.3.3.2.2}{3.3.2.2 Set de 20 im\341genes de patentes antiguas}{subsection.3.3.2}% 23
\BOOKMARK [3][-]{subsubsection.3.3.2.3}{3.3.2.3 Set de 165 im\341genes de patentes del MERCOSUR}{subsection.3.3.2}% 24
\BOOKMARK [3][-]{subsubsection.3.3.2.4}{3.3.2.4 Set de 165 im\341genes de patentes antiguas}{subsection.3.3.2}% 25
\BOOKMARK [3][-]{subsubsection.3.3.2.5}{3.3.2.5 Set de 10 im\341genes de motocicletas con patentes del MERCOSUR}{subsection.3.3.2}% 26
\BOOKMARK [3][-]{subsubsection.3.3.2.6}{3.3.2.6 Set de 10 im\341genes de motocicletas con patentes antiguas}{subsection.3.3.2}% 27
\BOOKMARK [1][-]{section.3.4}{3.4 Elecci\363n y ajuste del sistema para SAE}{chapter.3}% 28
\BOOKMARK [2][-]{subsection.3.4.1}{3.4.1 Software disponibles}{section.3.4}% 29
\BOOKMARK [2][-]{subsection.3.4.2}{3.4.2 Funcionamiento de los sistemas elegidos}{section.3.4}% 30
\BOOKMARK [3][-]{subsubsection.3.4.2.1}{3.4.2.1 OpenALPR}{subsection.3.4.2}% 31
\BOOKMARK [3][-]{subsubsection.3.4.2.2}{3.4.2.2 OpenCV 3 License Plate Recognition}{subsection.3.4.2}% 32
\BOOKMARK [2][-]{subsection.3.4.3}{3.4.3 Experimentaci\363n y puesta a punto de los sistemas}{section.3.4}% 33
\BOOKMARK [3][-]{subsubsection.3.4.3.1}{3.4.3.1 OpenALPR}{subsection.3.4.3}% 34
\BOOKMARK [3][-]{subsubsection.3.4.3.2}{3.4.3.2 OpenCV 3 License Plate Recognition}{subsection.3.4.3}% 35
\BOOKMARK [2][-]{subsection.3.4.4}{3.4.4 Comparaci\363n de los modelos}{section.3.4}% 36
\BOOKMARK [1][-]{section.3.5}{3.5 Conclusiones}{chapter.3}% 37
\BOOKMARK [0][-]{chapter.4}{4 Segundo n\372cleo: Placa I/O}{}% 38
\BOOKMARK [1][-]{section.4.1}{4.1 Componentes principales}{chapter.4}% 39
\BOOKMARK [2][-]{subsection.4.1.1}{4.1.1 Microcontrolador}{section.4.1}% 40
\BOOKMARK [2][-]{subsection.4.1.2}{4.1.2 M\363dulo de comunicaci\363n WiFi}{section.4.1}% 41
\BOOKMARK [1][-]{section.4.2}{4.2 Fuente de alimentaci\363n}{chapter.4}% 42
\BOOKMARK [1][-]{section.4.3}{4.3 Dise\361o de la etapa l\363gica y de comunicaci\363n}{chapter.4}% 43
\BOOKMARK [1][-]{section.4.4}{4.4 Dise\361o e implementaci\363n del PCB }{chapter.4}% 44
\BOOKMARK [1][-]{section.4.5}{4.5 Perif\351ricos}{chapter.4}% 45
\BOOKMARK [2][-]{subsection.4.5.1}{4.5.1 Barreras Infrarrojas}{section.4.5}% 46
\BOOKMARK [2][-]{subsection.4.5.2}{4.5.2 Detector de presencia magn\351tico}{section.4.5}% 47
\BOOKMARK [0][-]{chapter.5}{5 Prototipo desarrollado}{}% 48
\BOOKMARK [1][-]{section.5.1}{5.1 Introducci\363n}{chapter.5}% 49
\BOOKMARK [1][-]{section.5.2}{5.2 Prototipo inicial}{chapter.5}% 50
\BOOKMARK [1][-]{section.5.3}{5.3 Prototipo final}{chapter.5}% 51
\BOOKMARK [2][-]{subsection.5.3.1}{5.3.1 Fase de conexi\363n}{section.5.3}% 52
\BOOKMARK [2][-]{subsection.5.3.2}{5.3.2 Env\355o y recepci\363n de mensajes}{section.5.3}% 53
\BOOKMARK [2][-]{subsection.5.3.3}{5.3.3 V\355a de ingreso}{section.5.3}% 54
\BOOKMARK [2][-]{subsection.5.3.4}{5.3.4 V\355a de egreso}{section.5.3}% 55
\BOOKMARK [0][-]{chapter.6}{6 Conclusiones y trabajos futuros}{}% 56
\BOOKMARK [1][-]{section.6.1}{6.1 Conclusiones}{chapter.6}% 57
\BOOKMARK [1][-]{section.6.2}{6.2 Trabajos futuros}{chapter.6}% 58
\BOOKMARK [2][-]{subsection.6.2.1}{6.2.1 Mejoras}{section.6.2}% 59
\BOOKMARK [2][-]{subsection.6.2.2}{6.2.2 Nuevas funcionalidades}{section.6.2}% 60
\BOOKMARK [0][-]{chapter.7}{7 COSAS QUE LUEGO DEBEN SACARSE DEL ESCRITO}{}% 61
\BOOKMARK [1][-]{section.7.1}{7.1 Cosas a CORREGIR del Escrito 22-02-2020}{chapter.7}% 62
\BOOKMARK [1][-]{section.7.2}{7.2 Aspectos aprendidos durante el desarrollo del Proyecto Final -no solo poner cosas t\351cnicas}{chapter.7}% 63
